<?xml version="1.0" encoding="utf-8"?>
<coverage line-rate="1" branch-rate="1" version="1.9" timestamp="1568644463" lines-covered="9" lines-valid="9" branches-covered="0" branches-valid="0">
  <sources>
    <source></source>
  </sources>
  <packages>
    <package name="ClassLibrary1" line-rate="1" branch-rate="1" complexity="1">
      <classes>
        <class name="ClassLibrary1.Class1" filename="C:\Users\twong\source\repos\CoverletMergeWithTest\CoverletMergeWithTest\Class1.cs" line-rate="1" branch-rate="1" complexity="1">
          <methods>
            <method name="Method1" signature="()" line-rate="1" branch-rate="1">
              <lines>
                <line number="8" hits="1" branch="False" />
                <line number="9" hits="1" branch="False" />
                <line number="10" hits="1" branch="False" />
              </lines>
            </method>
          </methods>
          <lines>
            <line number="8" hits="1" branch="False" />
            <line number="9" hits="1" branch="False" />
            <line number="10" hits="1" branch="False" />
          </lines>
        </class>
      </classes>
    </package>
    <package name="ClassLibrary3" line-rate="1" branch-rate="1" complexity="1">
      <classes>
        <class name="ClassLibrary3.Class3" filename="C:\Users\twong\source\repos\CoverletMergeWithTest\ClassLibrary3\Class3.cs" line-rate="1" branch-rate="1" complexity="1">
          <methods>
            <method name="Method3" signature="()" line-rate="1" branch-rate="1">
              <lines>
                <line number="8" hits="1" branch="False" />
                <line number="9" hits="1" branch="False" />
                <line number="10" hits="1" branch="False" />
              </lines>
            </method>
          </methods>
          <lines>
            <line number="8" hits="1" branch="False" />
            <line number="9" hits="1" branch="False" />
            <line number="10" hits="1" branch="False" />
          </lines>
        </class>
      </classes>
    </package>
    <package name="ClassLibrary2" line-rate="1" branch-rate="1" complexity="1">
      <classes>
        <class name="ClassLibrary2.Class2" filename="C:\Users\twong\source\repos\CoverletMergeWithTest\ClassLibrary2\Class2.cs" line-rate="1" branch-rate="1" complexity="1">
          <methods>
            <method name="Method2" signature="()" line-rate="1" branch-rate="1">
              <lines>
                <line number="9" hits="1" branch="False" />
                <line number="10" hits="1" branch="False" />
                <line number="11" hits="1" branch="False" />
              </lines>
            </method>
          </methods>
          <lines>
            <line number="9" hits="1" branch="False" />
            <line number="10" hits="1" branch="False" />
            <line number="11" hits="1" branch="False" />
          </lines>
        </class>
      </classes>
    </package>
  </packages>
</coverage>